  Appilcation.cpp
C:\Users\Griffith\Desktop\ClothSimulation\source\ClothSolverCPU.h(32,26): warning C4305: “初始化”: 从“double”到“const float”截断
  (编译源文件“source/Appilcation.cpp”)
  
C:\Users\Griffith\Desktop\ClothSimulation\source\ClothSolverCPU.h(33,26): warning C4305: “初始化”: 从“double”到“const float”截断
  (编译源文件“source/Appilcation.cpp”)
  
  Cloth.cpp
C:\Users\Griffith\Desktop\ClothSimulation\source\ClothSolverCPU.h(32,26): warning C4305: “初始化”: 从“double”到“const float”截断
  (编译源文件“source/Cloth.cpp”)
  
C:\Users\Griffith\Desktop\ClothSimulation\source\ClothSolverCPU.h(33,26): warning C4305: “初始化”: 从“double”到“const float”截断
  (编译源文件“source/Cloth.cpp”)
  
  ClothSolverCPU.cpp
C:\Users\Griffith\Desktop\ClothSimulation\source\ClothSolverCPU.h(32,26): warning C4305: “初始化”: 从“double”到“const float”截断
  (编译源文件“source/ClothSolverCPU.cpp”)
  
C:\Users\Griffith\Desktop\ClothSimulation\source\ClothSolverCPU.h(33,26): warning C4305: “初始化”: 从“double”到“const float”截断
  (编译源文件“source/ClothSolverCPU.cpp”)
  
  Scene.cpp
C:\Users\Griffith\Desktop\ClothSimulation\source\ClothSolverCPU.h(32,26): warning C4305: “初始化”: 从“double”到“const float”截断
  (编译源文件“source/Scene.cpp”)
  
C:\Users\Griffith\Desktop\ClothSimulation\source\ClothSolverCPU.h(33,26): warning C4305: “初始化”: 从“double”到“const float”截断
  (编译源文件“source/Scene.cpp”)
  
D:\Microsoft Visual Studio\IDE\VC\Tools\MSVC\14.42.34433\include\xutility(406,82): warning C4244: “参数”: 从“_Ty”转换到“float”，可能丢失数据
D:\Microsoft Visual Studio\IDE\VC\Tools\MSVC\14.42.34433\include\xutility(406,82): warning C4244:         with
D:\Microsoft Visual Studio\IDE\VC\Tools\MSVC\14.42.34433\include\xutility(406,82): warning C4244:         [
D:\Microsoft Visual Studio\IDE\VC\Tools\MSVC\14.42.34433\include\xutility(406,82): warning C4244:             _Ty=int
D:\Microsoft Visual Studio\IDE\VC\Tools\MSVC\14.42.34433\include\xutility(406,82): warning C4244:         ]
  (编译源文件“source/Scene.cpp”)
      D:\Microsoft Visual Studio\IDE\VC\Tools\MSVC\14.42.34433\include\xutility(406,82):
      模板实例化上下文(最早的实例化上下文)为
          C:\Users\Griffith\Desktop\ClothSimulation\source\Scene.cpp(57,38):
          查看对正在编译的函数 模板 实例化“std::shared_ptr<Cloth> std::make_shared<Cloth,int,int,int,int>(int &&,int &&,int &&,int &&)”的引用
          D:\Microsoft Visual Studio\IDE\VC\Tools\MSVC\14.42.34433\include\memory(2906,46):
          查看对正在编译的函数 模板 实例化“std::_Ref_count_obj2<Cloth>::_Ref_count_obj2<_Ty,_Ty,_Ty,_Ty>(_Ty &&,_Ty &&,_Ty &&,_Ty &&)”的引用
          with
          [
              _Ty=int
          ]
          D:\Microsoft Visual Studio\IDE\VC\Tools\MSVC\14.42.34433\include\memory(2095,18):
          查看对正在编译的函数 模板 实例化“void std::_Construct_in_place<_Ty,int,int,int,int>(_Ty &,int &&,int &&,int &&,int &&) noexcept(false)”的引用
          with
          [
              _Ty=Cloth
          ]
  
  main.cpp
C:\Users\Griffith\Desktop\ClothSimulation\source\ClothSolverCPU.h(32,26): warning C4305: “初始化”: 从“double”到“const float”截断
  (编译源文件“source/main.cpp”)
  
C:\Users\Griffith\Desktop\ClothSimulation\source\ClothSolverCPU.h(33,26): warning C4305: “初始化”: 从“double”到“const float”截断
  (编译源文件“source/main.cpp”)
  
  正在生成代码...
  ClothSimulation.vcxproj -> C:\Users\Griffith\Desktop\ClothSimulation\x64\Debug\ClothSimulation.exe
  'pwsh.exe' 不是内部或外部命令，也不是可运行的程序
  或批处理文件。
